#! /c/Source/iverilog-install/bin/vvp
:ivl_version "12.0 (devel)" "(s20150603-1539-g2693dd32b)";
:ivl_delay_selection "TYPICAL";
:vpi_time_precision + 0;
:vpi_module "C:\iverilog\lib\ivl\system.vpi";
:vpi_module "C:\iverilog\lib\ivl\vhdl_sys.vpi";
:vpi_module "C:\iverilog\lib\ivl\vhdl_textio.vpi";
:vpi_module "C:\iverilog\lib\ivl\v2005_math.vpi";
:vpi_module "C:\iverilog\lib\ivl\va_math.vpi";
S_000001ebee202620 .scope module, "datastall" "datastall" 2 1;
 .timescale 0 0;
    .port_info 0 /INPUT 1 "clk";
    .port_info 1 /INPUT 5 "RSID";
    .port_info 2 /INPUT 5 "RTID";
    .port_info 3 /INPUT 6 "opcode";
    .port_info 4 /INPUT 32 "instructionID";
    .port_info 5 /INPUT 32 "instructionEX";
    .port_info 6 /INPUT 32 "instructionMEM";
    .port_info 7 /INPUT 5 "writeReg";
    .port_info 8 /INPUT 1 "RegWrite";
    .port_info 9 /INPUT 32 "instructionWB";
    .port_info 10 /OUTPUT 1 "stall";
    .port_info 11 /OUTPUT 32 "instructionIDstall";
o000001ebee24bfa8 .functor BUFZ 5, C4<zzzzz>; HiZ drive
v000001ebee202880_0 .net "RSID", 4 0, o000001ebee24bfa8;  0 drivers
o000001ebee24bfd8 .functor BUFZ 5, C4<zzzzz>; HiZ drive
v000001ebee202920_0 .net "RTID", 4 0, o000001ebee24bfd8;  0 drivers
o000001ebee24c008 .functor BUFZ 1, C4<z>; HiZ drive
v000001ebee232a10_0 .net "RegWrite", 0 0, o000001ebee24c008;  0 drivers
o000001ebee24c038 .functor BUFZ 1, C4<z>; HiZ drive
v000001ebee232ab0_0 .net "clk", 0 0, o000001ebee24c038;  0 drivers
o000001ebee24c068 .functor BUFZ 32, C4<zzzzzzzzzzzzzzzzzzzzzzzzzzzzzzzz>; HiZ drive
v000001ebee232b50_0 .net "instructionEX", 31 0, o000001ebee24c068;  0 drivers
o000001ebee24c098 .functor BUFZ 32, C4<zzzzzzzzzzzzzzzzzzzzzzzzzzzzzzzz>; HiZ drive
v000001ebee232bf0_0 .net "instructionID", 31 0, o000001ebee24c098;  0 drivers
v000001ebee232c90_0 .var "instructionIDstall", 31 0;
o000001ebee24c0f8 .functor BUFZ 32, C4<zzzzzzzzzzzzzzzzzzzzzzzzzzzzzzzz>; HiZ drive
v000001ebee232d30_0 .net "instructionMEM", 31 0, o000001ebee24c0f8;  0 drivers
o000001ebee24c128 .functor BUFZ 32, C4<zzzzzzzzzzzzzzzzzzzzzzzzzzzzzzzz>; HiZ drive
v000001ebee232dd0_0 .net "instructionWB", 31 0, o000001ebee24c128;  0 drivers
v000001ebee232e70_0 .var "isRsValid", 0 0;
v000001ebee232f10_0 .var "isRtValid", 0 0;
v000001ebee232fb0_0 .var "isSvalid1", 4 0;
v000001ebee233050_0 .var "isSvalid2", 4 0;
v000001ebee2330f0_0 .var "isSvalid3", 4 0;
v000001ebee233190_0 .var "isWvalid1", 0 0;
v000001ebee233230_0 .var "isWvalid2", 0 0;
v000001ebee233500_0 .var "isWvalid3", 0 0;
o000001ebee24c2d8 .functor BUFZ 6, C4<zzzzzz>; HiZ drive
v000001ebee233f00_0 .net "opcode", 5 0, o000001ebee24c2d8;  0 drivers
v000001ebee2333c0_0 .var "stall", 0 0;
o000001ebee24c338 .functor BUFZ 5, C4<zzzzz>; HiZ drive
v000001ebee233320_0 .net "writeReg", 4 0, o000001ebee24c338;  0 drivers
E_000001ebee2285b0 .event posedge, v000001ebee232ab0_0;
    .scope S_000001ebee202620;
T_0 ;
    %pushi/vec4 0, 0, 1;
    %store/vec4 v000001ebee2333c0_0, 0, 1;
    %pushi/vec4 0, 0, 1;
    %store/vec4 v000001ebee233190_0, 0, 1;
    %pushi/vec4 0, 0, 1;
    %store/vec4 v000001ebee233230_0, 0, 1;
    %pushi/vec4 0, 0, 1;
    %store/vec4 v000001ebee233500_0, 0, 1;
    %pushi/vec4 0, 0, 1;
    %store/vec4 v000001ebee232e70_0, 0, 1;
    %pushi/vec4 0, 0, 1;
    %store/vec4 v000001ebee232f10_0, 0, 1;
    %end;
    .thread T_0;
    .scope S_000001ebee202620;
T_1 ;
    %wait E_000001ebee2285b0;
    %load/vec4 v000001ebee232bf0_0;
    %cmpi/ne 0, 0, 32;
    %jmp/0xz  T_1.0, 4;
    %load/vec4 v000001ebee233f00_0;
    %dup/vec4;
    %pushi/vec4 0, 0, 6;
    %cmp/u;
    %jmp/1 T_1.2, 6;
    %dup/vec4;
    %pushi/vec4 35, 0, 6;
    %cmp/u;
    %jmp/1 T_1.3, 6;
    %dup/vec4;
    %pushi/vec4 43, 0, 6;
    %cmp/u;
    %jmp/1 T_1.4, 6;
    %dup/vec4;
    %pushi/vec4 2, 0, 6;
    %cmp/u;
    %jmp/1 T_1.5, 6;
    %dup/vec4;
    %pushi/vec4 4, 0, 6;
    %cmp/u;
    %jmp/1 T_1.6, 6;
    %dup/vec4;
    %pushi/vec4 5, 0, 6;
    %cmp/u;
    %jmp/1 T_1.7, 6;
    %pushi/vec4 1, 0, 1;
    %store/vec4 v000001ebee232e70_0, 0, 1;
    %pushi/vec4 0, 0, 1;
    %store/vec4 v000001ebee232f10_0, 0, 1;
    %jmp T_1.9;
T_1.2 ;
    %pushi/vec4 1, 0, 1;
    %store/vec4 v000001ebee232e70_0, 0, 1;
    %pushi/vec4 1, 0, 1;
    %store/vec4 v000001ebee232f10_0, 0, 1;
    %jmp T_1.9;
T_1.3 ;
    %pushi/vec4 1, 0, 1;
    %store/vec4 v000001ebee232e70_0, 0, 1;
    %pushi/vec4 0, 0, 1;
    %store/vec4 v000001ebee232f10_0, 0, 1;
    %jmp T_1.9;
T_1.4 ;
    %pushi/vec4 1, 0, 1;
    %store/vec4 v000001ebee232e70_0, 0, 1;
    %pushi/vec4 1, 0, 1;
    %store/vec4 v000001ebee232f10_0, 0, 1;
    %jmp T_1.9;
T_1.5 ;
    %pushi/vec4 0, 0, 1;
    %store/vec4 v000001ebee232e70_0, 0, 1;
    %pushi/vec4 0, 0, 1;
    %store/vec4 v000001ebee232f10_0, 0, 1;
    %jmp T_1.9;
T_1.6 ;
    %pushi/vec4 1, 0, 1;
    %store/vec4 v000001ebee232e70_0, 0, 1;
    %pushi/vec4 1, 0, 1;
    %store/vec4 v000001ebee232f10_0, 0, 1;
    %jmp T_1.9;
T_1.7 ;
    %pushi/vec4 1, 0, 1;
    %store/vec4 v000001ebee232e70_0, 0, 1;
    %pushi/vec4 1, 0, 1;
    %store/vec4 v000001ebee232f10_0, 0, 1;
    %jmp T_1.9;
T_1.9 ;
    %pop/vec4 1;
    %jmp T_1.1;
T_1.0 ;
    %pushi/vec4 0, 0, 1;
    %store/vec4 v000001ebee232e70_0, 0, 1;
    %pushi/vec4 0, 0, 1;
    %store/vec4 v000001ebee232f10_0, 0, 1;
T_1.1 ;
    %load/vec4 v000001ebee232b50_0;
    %cmpi/ne 0, 0, 32;
    %jmp/0xz  T_1.10, 4;
    %load/vec4 v000001ebee232b50_0;
    %parti/s 6, 26, 6;
    %dup/vec4;
    %pushi/vec4 0, 0, 6;
    %cmp/u;
    %jmp/1 T_1.12, 6;
    %dup/vec4;
    %pushi/vec4 35, 0, 6;
    %cmp/u;
    %jmp/1 T_1.13, 6;
    %dup/vec4;
    %pushi/vec4 43, 0, 6;
    %cmp/u;
    %jmp/1 T_1.14, 6;
    %dup/vec4;
    %pushi/vec4 2, 0, 6;
    %cmp/u;
    %jmp/1 T_1.15, 6;
    %dup/vec4;
    %pushi/vec4 4, 0, 6;
    %cmp/u;
    %jmp/1 T_1.16, 6;
    %dup/vec4;
    %pushi/vec4 5, 0, 6;
    %cmp/u;
    %jmp/1 T_1.17, 6;
    %pushi/vec4 1, 0, 1;
    %store/vec4 v000001ebee233190_0, 0, 1;
    %load/vec4 v000001ebee232b50_0;
    %parti/s 5, 16, 6;
    %store/vec4 v000001ebee232fb0_0, 0, 5;
    %jmp T_1.19;
T_1.12 ;
    %pushi/vec4 1, 0, 1;
    %store/vec4 v000001ebee233190_0, 0, 1;
    %load/vec4 v000001ebee232b50_0;
    %parti/s 5, 11, 5;
    %store/vec4 v000001ebee232fb0_0, 0, 5;
    %jmp T_1.19;
T_1.13 ;
    %pushi/vec4 1, 0, 1;
    %store/vec4 v000001ebee233190_0, 0, 1;
    %load/vec4 v000001ebee232b50_0;
    %parti/s 5, 16, 6;
    %store/vec4 v000001ebee232fb0_0, 0, 5;
    %jmp T_1.19;
T_1.14 ;
    %pushi/vec4 0, 0, 1;
    %store/vec4 v000001ebee233190_0, 0, 1;
    %pushi/vec4 0, 0, 5;
    %store/vec4 v000001ebee232fb0_0, 0, 5;
    %jmp T_1.19;
T_1.15 ;
    %pushi/vec4 0, 0, 1;
    %store/vec4 v000001ebee233190_0, 0, 1;
    %pushi/vec4 0, 0, 5;
    %store/vec4 v000001ebee232fb0_0, 0, 5;
    %jmp T_1.19;
T_1.16 ;
    %pushi/vec4 0, 0, 1;
    %store/vec4 v000001ebee233190_0, 0, 1;
    %pushi/vec4 0, 0, 5;
    %store/vec4 v000001ebee232fb0_0, 0, 5;
    %jmp T_1.19;
T_1.17 ;
    %pushi/vec4 0, 0, 1;
    %store/vec4 v000001ebee233190_0, 0, 1;
    %pushi/vec4 0, 0, 5;
    %store/vec4 v000001ebee232fb0_0, 0, 5;
    %jmp T_1.19;
T_1.19 ;
    %pop/vec4 1;
    %jmp T_1.11;
T_1.10 ;
    %pushi/vec4 0, 0, 1;
    %store/vec4 v000001ebee233190_0, 0, 1;
T_1.11 ;
    %load/vec4 v000001ebee232d30_0;
    %cmpi/ne 0, 0, 32;
    %jmp/0xz  T_1.20, 4;
    %load/vec4 v000001ebee232d30_0;
    %parti/s 6, 26, 6;
    %dup/vec4;
    %pushi/vec4 0, 0, 6;
    %cmp/u;
    %jmp/1 T_1.22, 6;
    %dup/vec4;
    %pushi/vec4 35, 0, 6;
    %cmp/u;
    %jmp/1 T_1.23, 6;
    %dup/vec4;
    %pushi/vec4 43, 0, 6;
    %cmp/u;
    %jmp/1 T_1.24, 6;
    %dup/vec4;
    %pushi/vec4 2, 0, 6;
    %cmp/u;
    %jmp/1 T_1.25, 6;
    %dup/vec4;
    %pushi/vec4 4, 0, 6;
    %cmp/u;
    %jmp/1 T_1.26, 6;
    %dup/vec4;
    %pushi/vec4 5, 0, 6;
    %cmp/u;
    %jmp/1 T_1.27, 6;
    %pushi/vec4 1, 0, 1;
    %store/vec4 v000001ebee233230_0, 0, 1;
    %load/vec4 v000001ebee232b50_0;
    %parti/s 5, 16, 6;
    %store/vec4 v000001ebee233050_0, 0, 5;
    %jmp T_1.29;
T_1.22 ;
    %pushi/vec4 1, 0, 1;
    %store/vec4 v000001ebee233230_0, 0, 1;
    %load/vec4 v000001ebee232b50_0;
    %parti/s 5, 11, 5;
    %store/vec4 v000001ebee233050_0, 0, 5;
    %jmp T_1.29;
T_1.23 ;
    %pushi/vec4 1, 0, 1;
    %store/vec4 v000001ebee233230_0, 0, 1;
    %load/vec4 v000001ebee232b50_0;
    %parti/s 5, 16, 6;
    %store/vec4 v000001ebee233050_0, 0, 5;
    %jmp T_1.29;
T_1.24 ;
    %pushi/vec4 0, 0, 1;
    %store/vec4 v000001ebee233230_0, 0, 1;
    %pushi/vec4 0, 0, 5;
    %store/vec4 v000001ebee233050_0, 0, 5;
    %jmp T_1.29;
T_1.25 ;
    %pushi/vec4 0, 0, 1;
    %store/vec4 v000001ebee233230_0, 0, 1;
    %pushi/vec4 0, 0, 5;
    %store/vec4 v000001ebee233050_0, 0, 5;
    %jmp T_1.29;
T_1.26 ;
    %pushi/vec4 0, 0, 1;
    %store/vec4 v000001ebee233230_0, 0, 1;
    %pushi/vec4 0, 0, 5;
    %store/vec4 v000001ebee233050_0, 0, 5;
    %jmp T_1.29;
T_1.27 ;
    %pushi/vec4 0, 0, 1;
    %store/vec4 v000001ebee233230_0, 0, 1;
    %pushi/vec4 0, 0, 5;
    %store/vec4 v000001ebee233050_0, 0, 5;
    %jmp T_1.29;
T_1.29 ;
    %pop/vec4 1;
    %jmp T_1.21;
T_1.20 ;
    %pushi/vec4 0, 0, 1;
    %store/vec4 v000001ebee233230_0, 0, 1;
T_1.21 ;
    %load/vec4 v000001ebee232dd0_0;
    %cmpi/ne 0, 0, 32;
    %jmp/0xz  T_1.30, 4;
    %load/vec4 v000001ebee232a10_0;
    %store/vec4 v000001ebee233500_0, 0, 1;
    %load/vec4 v000001ebee233320_0;
    %store/vec4 v000001ebee2330f0_0, 0, 5;
    %jmp T_1.31;
T_1.30 ;
    %pushi/vec4 0, 0, 1;
    %store/vec4 v000001ebee233500_0, 0, 1;
T_1.31 ;
    %load/vec4 v000001ebee202880_0;
    %load/vec4 v000001ebee232fb0_0;
    %cmp/e;
    %flag_get/vec4 4;
    %load/vec4 v000001ebee233190_0;
    %and;
    %load/vec4 v000001ebee202880_0;
    %load/vec4 v000001ebee233050_0;
    %cmp/e;
    %flag_get/vec4 4;
    %load/vec4 v000001ebee233230_0;
    %and;
    %add;
    %load/vec4 v000001ebee202880_0;
    %load/vec4 v000001ebee2330f0_0;
    %cmp/e;
    %flag_get/vec4 4;
    %load/vec4 v000001ebee233500_0;
    %and;
    %add;
    %load/vec4 v000001ebee232e70_0;
    %load/vec4 v000001ebee202920_0;
    %load/vec4 v000001ebee232fb0_0;
    %cmp/e;
    %flag_get/vec4 4;
    %load/vec4 v000001ebee233190_0;
    %and;
    %load/vec4 v000001ebee202920_0;
    %load/vec4 v000001ebee233050_0;
    %cmp/e;
    %flag_get/vec4 4;
    %load/vec4 v000001ebee233230_0;
    %and;
    %add;
    %load/vec4 v000001ebee202920_0;
    %load/vec4 v000001ebee2330f0_0;
    %cmp/e;
    %flag_get/vec4 4;
    %load/vec4 v000001ebee233500_0;
    %and;
    %add;
    %add;
    %and;
    %load/vec4 v000001ebee232f10_0;
    %and;
    %store/vec4 v000001ebee2333c0_0, 0, 1;
    %load/vec4 v000001ebee2333c0_0;
    %pad/u 32;
    %cmpi/e 0, 0, 32;
    %jmp/0xz  T_1.32, 4;
    %load/vec4 v000001ebee232bf0_0;
    %store/vec4 v000001ebee232c90_0, 0, 32;
    %jmp T_1.33;
T_1.32 ;
    %pushi/vec4 0, 0, 32;
    %store/vec4 v000001ebee232c90_0, 0, 32;
T_1.33 ;
    %jmp T_1;
    .thread T_1;
# The file index is used to find the file name in the following table.
:file_names 3;
    "N/A";
    "<interactive>";
    "DATASTALL.v";
